::1 - - [01/Mar/2024:01:53:18 +0000] "PUT /md/new HTTP/1.1" 302 30
::1 - - [01/Mar/2024:01:53:19 +0000] "GET /md/list HTTP/1.1" 200 4333
::1 - - [01/Mar/2024:01:53:21 +0000] "GET /md/getByName/123 HTTP/1.1" 200 452
::1 - - [01/Mar/2024:01:53:21 +0000] "GET /md/getByName/123_fqJ6NJP HTTP/1.1" 404 46
::1 - - [01/Mar/2024:01:53:27 +0000] "DELETE /md/deleteByName/123_fqJ6NJP HTTP/1.1" 404 42
::1 - - [01/Mar/2024:01:53:29 +0000] "GET /md/getByName/123 HTTP/1.1" 200 452
::1 - - [01/Mar/2024:01:53:34 +0000] "GET /md/getByName/123 HTTP/1.1" 200 452
::1 - - [01/Mar/2024:01:53:44 +0000] "PUT /md/updateByName/123 HTTP/1.1" 200 -
::1 - - [01/Mar/2024:01:53:46 +0000] "GET /md/getByName/123 HTTP/1.1" 200 440
::1 - - [01/Mar/2024:01:55:21 +0000] "DELETE /md/deleteByName/123 HTTP/1.1" 200 23
::1 - - [01/Mar/2024:01:56:26 +0000] "PUT /md/new HTTP/1.1" 302 30
::1 - - [01/Mar/2024:01:56:26 +0000] "GET /md/list HTTP/1.1" 200 4444
::1 - - [01/Mar/2024:01:58:44 +0000] "GET /md/getByName/oneofmanytestfiles HTTP/1.1" 200 330
::1 - - [01/Mar/2024:01:58:58 +0000] "GET /md/getByName/oneofmanytestfiles HTTP/1.1" 200 330
::1 - - [01/Mar/2024:01:59:14 +0000] "GET /md/getByName/oneofmanytestfiles HTTP/1.1" 200 330
::1 - - [01/Mar/2024:01:59:17 +0000] "DELETE /md/deleteByName/oneofmanytestfiles HTTP/1.1" 200 23
::1 - - [01/Mar/2024:02:04:02 +0000] "PUT /md/new HTTP/1.1" 302 30
::1 - - [01/Mar/2024:02:04:02 +0000] "GET /md/list HTTP/1.1" 200 4329
::1 - - [01/Mar/2024:02:04:16 +0000] "GET /md/getByName/gamer HTTP/1.1" 200 228
::1 - - [01/Mar/2024:02:04:17 +0000] "GET /md/getByName/gamer HTTP/1.1" 200 228
::1 - - [01/Mar/2024:02:04:44 +0000] "GET /md/getByName/gamer HTTP/1.1" 200 228
::1 - - [01/Mar/2024:02:04:45 +0000] "GET /md/getByName/gamer HTTP/1.1" 200 228
::1 - - [01/Mar/2024:02:04:49 +0000] "GET /md/getByName/gamer HTTP/1.1" 200 228
::1 - - [01/Mar/2024:02:12:45 +0000] "DELETE /md/deleteByName/gamer HTTP/1.1" 200 23
::1 - - [01/Mar/2024:02:55:37 +0000] "PUT /md/new HTTP/1.1" 302 30
::1 - - [01/Mar/2024:02:55:37 +0000] "GET /md/list HTTP/1.1" 200 4353
::1 - - [01/Mar/2024:02:55:40 +0000] "GET /md/getByName/BlenderModel HTTP/1.1" 200 245
::1 - - [01/Mar/2024:02:55:50 +0000] "GET /md/getByName/BlenderModel HTTP/1.1" 200 245
::1 - - [01/Mar/2024:03:58:28 +0000] "PUT /md/updateByName/BlenderModel HTTP/1.1" 200 -
::1 - - [01/Mar/2024:03:58:30 +0000] "GET /md/getByName/BlenderModel HTTP/1.1" 200 229
::1 - - [01/Mar/2024:03:59:48 +0000] "GET /md/getByName/BlenderModel HTTP/1.1" 200 229
::1 - - [01/Mar/2024:03:59:57 +0000] "GET /md/getByName/BlenderModel HTTP/1.1" 200 229
::1 - - [01/Mar/2024:04:00:02 +0000] "PUT /md/updateByName/BlenderModel HTTP/1.1" 200 -
::1 - - [01/Mar/2024:04:00:04 +0000] "GET /md/getByName/BlenderModel HTTP/1.1" 200 229
::1 - - [01/Mar/2024:04:00:05 +0000] "GET /md/getByName/BlenderModel HTTP/1.1" 200 229
::1 - - [01/Mar/2024:04:02:25 +0000] "PUT /md/updateByName/BlenderModel HTTP/1.1" 200 -
::1 - - [01/Mar/2024:04:02:27 +0000] "GET /md/getByName/BlenderModel HTTP/1.1" 200 279
::1 - - [01/Mar/2024:04:02:47 +0000] "PUT /md/new HTTP/1.1" 302 30
::1 - - [01/Mar/2024:04:02:47 +0000] "GET /md/list HTTP/1.1" 200 4867
::1 - - [01/Mar/2024:04:02:56 +0000] "GET /md/getByName/123788978979797897978979797897897979797978 HTTP/1.1" 200 263
::1 - - [01/Mar/2024:04:02:56 +0000] "GET /md/getByName/BlenderModel HTTP/1.1" 200 279
::1 - - [01/Mar/2024:04:02:58 +0000] "DELETE /md/deleteByName/BlenderModel HTTP/1.1" 200 23
::1 - - [01/Mar/2024:04:03:00 +0000] "GET /md/getByName/123788978979797897978979797897897979797978 HTTP/1.1" 200 263
::1 - - [01/Mar/2024:04:03:02 +0000] "DELETE /md/deleteByName/123788978979797897978979797897897979797978 HTTP/1.1" 200 23
::1 - - [01/Mar/2024:04:12:50 +0000] "PUT /md/new HTTP/1.1" 302 30
::1 - - [01/Mar/2024:04:12:51 +0000] "GET /md/list HTTP/1.1" 200 4319
::1 - - [01/Mar/2024:04:13:08 +0000] "GET /md/getByName/qwe HTTP/1.1" 200 220
::1 - - [01/Mar/2024:04:13:13 +0000] "GET /md/getByName/qwe HTTP/1.1" 200 220
::1 - - [01/Mar/2024:04:13:15 +0000] "GET /md/getByName/qwe HTTP/1.1" 200 220
::1 - - [01/Mar/2024:04:13:27 +0000] "PUT /md/updateByName/qwe HTTP/1.1" 200 -
::1 - - [01/Mar/2024:04:13:56 +0000] "PUT /md/updateByName/qwe HTTP/1.1" 200 -
::1 - - [01/Mar/2024:04:14:38 +0000] "GET /md/getByName/qwe HTTP/1.1" 200 241
::1 - - [01/Mar/2024:04:14:40 +0000] "PUT /md/updateByName/qwe HTTP/1.1" 200 -
::1 - - [01/Mar/2024:04:15:19 +0000] "PUT /md/updateByName/qwe HTTP/1.1" 200 -
::1 - - [01/Mar/2024:04:32:21 +0000] "GET /md/getByName/qwe HTTP/1.1" 200 241
::1 - - [01/Mar/2024:04:32:25 +0000] "GET /md/getByName/qwe HTTP/1.1" 200 241
::1 - - [01/Mar/2024:04:32:28 +0000] "GET /md/getByName/qwe HTTP/1.1" 200 241
::1 - - [01/Mar/2024:04:32:36 +0000] "GET /md/getByName/qwe HTTP/1.1" 200 241
::1 - - [01/Mar/2024:04:32:45 +0000] "GET /md/getByName/qwe HTTP/1.1" 200 241
::1 - - [01/Mar/2024:04:44:33 +0000] "GET /md/getByName/qwe HTTP/1.1" 200 241
::1 - - [01/Mar/2024:04:44:33 +0000] "GET /md/getByName/qwe HTTP/1.1" 200 241
::1 - - [01/Mar/2024:04:44:37 +0000] "GET /md/getByName/qwe HTTP/1.1" 200 241
::1 - - [01/Mar/2024:04:44:37 +0000] "GET /md/getByName/qwe HTTP/1.1" 200 241
::1 - - [01/Mar/2024:04:44:38 +0000] "GET /md/getByName/qwe HTTP/1.1" 200 241
::1 - - [01/Mar/2024:04:44:38 +0000] "GET /md/getByName/qwe HTTP/1.1" 200 241
::1 - - [01/Mar/2024:05:17:03 +0000] "GET /md/getByName/qwe HTTP/1.1" 200 241
::1 - - [01/Mar/2024:05:17:06 +0000] "GET /md/getByName/qwe HTTP/1.1" 200 241
::1 - - [01/Mar/2024:05:17:06 +0000] "GET /md/getByName/qwe HTTP/1.1" 200 241
::1 - - [01/Mar/2024:05:17:06 +0000] "GET /md/getByName/qwe HTTP/1.1" 200 241
::1 - - [01/Mar/2024:05:17:08 +0000] "GET /md/getByName/qwe HTTP/1.1" 200 241
::1 - - [01/Mar/2024:05:17:08 +0000] "GET /md/getByName/qwe HTTP/1.1" 200 241
::1 - - [01/Mar/2024:05:17:08 +0000] "GET /md/getByName/qwe HTTP/1.1" 200 241
::1 - - [01/Mar/2024:05:17:10 +0000] "DELETE /md/deleteByName/qwe HTTP/1.1" 200 23
::1 - - [01/Mar/2024:05:33:38 +0000] "PUT /md/new HTTP/1.1" 302 30
::1 - - [01/Mar/2024:05:33:38 +0000] "GET /md/list HTTP/1.1" 200 4366
::1 - - [01/Mar/2024:05:33:39 +0000] "GET /md/getByName/safelyendagered HTTP/1.1" 200 255
::1 - - [01/Mar/2024:05:33:39 +0000] "GET /md/getByName/safelyendagered HTTP/1.1" 200 255
::1 - - [01/Mar/2024:05:33:40 +0000] "GET /md/getByName/safelyendagered HTTP/1.1" 200 255
::1 - - [01/Mar/2024:05:33:40 +0000] "GET /md/getByName/safelyendagered HTTP/1.1" 200 255
::1 - - [01/Mar/2024:05:33:40 +0000] "GET /md/getByName/safelyendagered HTTP/1.1" 200 255
::1 - - [01/Mar/2024:05:33:44 +0000] "GET /md/getByName/safelyendagered HTTP/1.1" 200 255
::1 - - [01/Mar/2024:05:33:44 +0000] "GET /md/getByName/safelyendagered HTTP/1.1" 200 255
::1 - - [01/Mar/2024:05:33:50 +0000] "GET /md/getByName/safelyendagered HTTP/1.1" 200 255
::1 - - [01/Mar/2024:05:33:50 +0000] "GET /md/getByName/safelyendagered HTTP/1.1" 200 255
::1 - - [01/Mar/2024:05:34:00 +0000] "GET /md/list HTTP/1.1" 200 4366
::1 - - [01/Mar/2024:05:34:01 +0000] "GET /favicon.ico HTTP/1.1" 404 150
::1 - - [01/Mar/2024:05:39:36 +0000] "GET /md/getByName/safelyendagered HTTP/1.1" 200 255
::1 - - [01/Mar/2024:05:39:37 +0000] "GET /md/getByName/safelyendagered HTTP/1.1" 200 255
::1 - - [01/Mar/2024:05:39:45 +0000] "GET /md/getByName/safelyendagered HTTP/1.1" 200 255
::1 - - [01/Mar/2024:05:39:45 +0000] "GET /md/getByName/safelyendagered HTTP/1.1" 200 255
::1 - - [01/Mar/2024:05:39:45 +0000] "GET /md/getByName/safelyendagered HTTP/1.1" 200 255
::1 - - [01/Mar/2024:05:39:50 +0000] "GET /md/getByName/safelyendagered HTTP/1.1" 200 255
::1 - - [01/Mar/2024:05:39:51 +0000] "GET /md/getByName/safelyendagered HTTP/1.1" 200 255
::1 - - [01/Mar/2024:05:39:51 +0000] "GET /md/getByName/safelyendagered HTTP/1.1" 200 255
::1 - - [01/Mar/2024:12:16:46 +0000] "GET /md/getByName/safelyendagered HTTP/1.1" 200 255
::1 - - [01/Mar/2024:12:16:46 +0000] "GET /md/getByName/safelyendagered HTTP/1.1" 200 255
::1 - - [01/Mar/2024:12:16:46 +0000] "GET /md/getByName/safelyendagered HTTP/1.1" 200 255
::1 - - [01/Mar/2024:12:16:55 +0000] "GET /md/getByName/safelyendagered HTTP/1.1" 200 255
::1 - - [01/Mar/2024:12:24:46 +0000] "GET /md/getByName/safelyendagered HTTP/1.1" 200 255
::1 - - [01/Mar/2024:12:24:46 +0000] "GET /md/getByName/safelyendagered HTTP/1.1" 200 255
::1 - - [01/Mar/2024:12:24:47 +0000] "GET /md/getByName/safelyendagered HTTP/1.1" 200 255
::1 - - [01/Mar/2024:12:25:51 +0000] "GET /md/getByName/safelyendagered HTTP/1.1" 200 255
::1 - - [01/Mar/2024:12:25:51 +0000] "GET /md/getByName/safelyendagered HTTP/1.1" 200 255
::1 - - [01/Mar/2024:12:25:51 +0000] "GET /md/getByName/safelyendagered HTTP/1.1" 200 255
::1 - - [01/Mar/2024:12:26:46 +0000] "GET /md/getByName/safelyendagered HTTP/1.1" 200 255
::1 - - [01/Mar/2024:12:26:46 +0000] "GET /md/getByName/safelyendagered HTTP/1.1" 200 255
::1 - - [01/Mar/2024:12:26:46 +0000] "GET /md/getByName/safelyendagered HTTP/1.1" 200 255
::1 - - [01/Mar/2024:12:30:29 +0000] "GET /md/getByName/safelyendagered HTTP/1.1" 200 255
::1 - - [01/Mar/2024:12:30:29 +0000] "GET /md/getByName/safelyendagered HTTP/1.1" 200 255
::1 - - [01/Mar/2024:12:30:29 +0000] "GET /md/getByName/safelyendagered HTTP/1.1" 200 255
::1 - - [01/Mar/2024:12:30:31 +0000] "GET /md/getByName/safelyendagered HTTP/1.1" 200 255
::1 - - [01/Mar/2024:12:30:31 +0000] "GET /md/getByName/safelyendagered HTTP/1.1" 200 255
::1 - - [01/Mar/2024:12:30:31 +0000] "GET /md/getByName/safelyendagered HTTP/1.1" 200 255
::1 - - [01/Mar/2024:12:30:39 +0000] "GET /md/getByName/safelyendagered HTTP/1.1" 200 255
::1 - - [01/Mar/2024:12:30:39 +0000] "GET /md/getByName/safelyendagered HTTP/1.1" 200 255
::1 - - [01/Mar/2024:12:30:39 +0000] "GET /md/getByName/safelyendagered HTTP/1.1" 200 255
::1 - - [01/Mar/2024:12:30:41 +0000] "DELETE /md/deleteByName/safelyendagered HTTP/1.1" 200 23
::1 - - [01/Mar/2024:13:32:19 +0000] "PUT /md/new HTTP/1.1" 302 30
::1 - - [01/Mar/2024:13:32:19 +0000] "GET /md/list HTTP/1.1" 200 4338
::1 - - [01/Mar/2024:13:32:19 +0000] "GET /md/getByName/gaming123 HTTP/1.1" 200 233
::1 - - [01/Mar/2024:13:32:19 +0000] "GET /md/getByName/gaming123 HTTP/1.1" 200 233
::1 - - [01/Mar/2024:13:32:21 +0000] "GET /md/getByName/gaming123 HTTP/1.1" 200 233
::1 - - [01/Mar/2024:13:32:21 +0000] "GET /md/getByName/gaming123 HTTP/1.1" 200 233
::1 - - [01/Mar/2024:13:38:57 +0000] "GET /md/getByName/gaming123 HTTP/1.1" 200 233
::1 - - [01/Mar/2024:13:38:57 +0000] "GET /md/getByName/gaming123 HTTP/1.1" 200 233
::1 - - [01/Mar/2024:13:39:04 +0000] "GET /md/getByName/gaming123 HTTP/1.1" 200 233
::1 - - [01/Mar/2024:13:39:05 +0000] "GET /md/getByName/gaming123 HTTP/1.1" 200 233
::1 - - [01/Mar/2024:13:39:05 +0000] "GET /md/getByName/gaming123 HTTP/1.1" 200 233
::1 - - [01/Mar/2024:13:43:51 +0000] "GET /md/getByName/gaming123 HTTP/1.1" 200 233
::1 - - [01/Mar/2024:13:43:51 +0000] "GET /md/getByName/gaming123_hxjBu9I HTTP/1.1" 404 46
::1 - - [01/Mar/2024:13:43:51 +0000] "GET /md/getByName/gaming123 HTTP/1.1" 200 233
::1 - - [01/Mar/2024:13:43:51 +0000] "GET /md/getByName/gaming123_hxjBu9I HTTP/1.1" 404 46
::1 - - [01/Mar/2024:13:43:51 +0000] "GET /md/getByName/gaming123 HTTP/1.1" 200 233
::1 - - [01/Mar/2024:13:43:51 +0000] "GET /md/getByName/gaming123_hxjBu9I HTTP/1.1" 404 46
::1 - - [01/Mar/2024:13:44:05 +0000] "DELETE /md/deleteByName/gaming123 HTTP/1.1" 200 23
::1 - - [01/Mar/2024:13:44:05 +0000] "GET /md/getByName/gaming123_hxjBu9I HTTP/1.1" 404 46
::1 - - [01/Mar/2024:13:44:05 +0000] "GET /md/getByName/gaming123_hxjBu9I HTTP/1.1" 404 46
::1 - - [01/Mar/2024:13:44:07 +0000] "GET /md/getByName/gaming123_hxjBu9I HTTP/1.1" 404 46
::1 - - [01/Mar/2024:13:44:07 +0000] "GET /md/getByName/gaming123_hxjBu9I HTTP/1.1" 404 46
::1 - - [01/Mar/2024:13:44:07 +0000] "GET /md/getByName/gaming123_hxjBu9I HTTP/1.1" 404 46
::1 - - [01/Mar/2024:13:44:09 +0000] "DELETE /md/deleteByName/gaming123_hxjBu9I HTTP/1.1" 404 42
::1 - - [01/Mar/2024:13:44:33 +0000] "PUT /md/new HTTP/1.1" 302 30
::1 - - [01/Mar/2024:13:44:33 +0000] "GET /md/list HTTP/1.1" 200 4503
::1 - - [01/Mar/2024:13:44:33 +0000] "GET /md/getByName/khrtfjtkrtikyjrtikhtihjitjijihjihjihjihjrfihjfi HTTP/1.1" 200 360
::1 - - [01/Mar/2024:13:44:33 +0000] "GET /md/getByName/khrtfjtkrtikyjrtikhtihjitjijihjihjihjihjrfihjfi HTTP/1.1" 200 360
::1 - - [01/Mar/2024:13:44:36 +0000] "GET /md/getByName/khrtfjtkrtikyjrtikhtihjitjijihjihjihjihjrfihjfi HTTP/1.1" 200 360
::1 - - [01/Mar/2024:13:44:37 +0000] "GET /md/getByName/khrtfjtkrtikyjrtikhtihjitjijihjihjihjihjrfihjfi HTTP/1.1" 200 360
::1 - - [01/Mar/2024:13:44:37 +0000] "GET /md/getByName/khrtfjtkrtikyjrtikhtihjitjijihjihjihjihjrfihjfi HTTP/1.1" 200 360
::1 - - [01/Mar/2024:13:46:22 +0000] "GET /md/getByName/khrtfjtkrtikyjrtikhtihjitjijihjihjihjihjrfihjfi HTTP/1.1" 200 360
::1 - - [01/Mar/2024:13:46:22 +0000] "GET /md/getByName/khrtfjtkrtikyjrtikhtihjitjijihjihjihjihjrfihjfi HTTP/1.1" 200 360
::1 - - [01/Mar/2024:13:46:23 +0000] "GET /md/getByName/khrtfjtkrtikyjrtikhtihjitjijihjihjihjihjrfihjfi HTTP/1.1" 200 360
::1 - - [01/Mar/2024:13:46:26 +0000] "PUT /md/updateByName/khrtfjtkrtikyjrtikhtihjitjijihjihjihjihjrfihjfi HTTP/1.1" 200 -
::1 - - [01/Mar/2024:13:46:26 +0000] "GET /md/getByName/khrtfjtkrtikyjrtikhtihjitjijihjihjihjihjrfihjfi HTTP/1.1" 200 269
::1 - - [01/Mar/2024:13:46:27 +0000] "GET /md/getByName/khrtfjtkrtikyjrtikhtihjitjijihjihjihjihjrfihjfi HTTP/1.1" 200 269
::1 - - [01/Mar/2024:13:46:28 +0000] "GET /md/getByName/khrtfjtkrtikyjrtikhtihjitjijihjihjihjihjrfihjfi HTTP/1.1" 200 269
::1 - - [01/Mar/2024:13:46:28 +0000] "GET /md/getByName/khrtfjtkrtikyjrtikhtihjitjijihjihjihjihjrfihjfi HTTP/1.1" 200 269
::1 - - [01/Mar/2024:13:46:28 +0000] "GET /md/getByName/khrtfjtkrtikyjrtikhtihjitjijihjihjihjihjrfihjfi HTTP/1.1" 200 269
::1 - - [01/Mar/2024:13:47:12 +0000] "GET /md/getByName/khrtfjtkrtikyjrtikhtihjitjijihjihjihjihjrfihjfi HTTP/1.1" 200 269
::1 - - [01/Mar/2024:13:47:12 +0000] "GET /md/getByName/khrtfjtkrtikyjrtikhtihjitjijihjihjihjihjrfihjfi HTTP/1.1" 200 269
::1 - - [01/Mar/2024:13:47:20 +0000] "PUT /md/new HTTP/1.1" 302 30
::1 - - [01/Mar/2024:13:47:20 +0000] "GET /md/list HTTP/1.1" 200 4810
::1 - - [01/Mar/2024:13:47:20 +0000] "GET /md/getByName/444 HTTP/1.1" 200 220
::1 - - [01/Mar/2024:13:47:20 +0000] "GET /md/getByName/khrtfjtkrtikyjrtikhtihjitjijihjihjihjihjrfihjfi HTTP/1.1" 200 269
::1 - - [01/Mar/2024:13:47:20 +0000] "GET /md/getByName/444 HTTP/1.1" 200 220
::1 - - [01/Mar/2024:13:47:20 +0000] "GET /md/getByName/khrtfjtkrtikyjrtikhtihjitjijihjihjihjihjrfihjfi HTTP/1.1" 200 269
::1 - - [01/Mar/2024:13:47:21 +0000] "GET /md/getByName/444 HTTP/1.1" 200 220
::1 - - [01/Mar/2024:13:47:21 +0000] "GET /md/getByName/khrtfjtkrtikyjrtikhtihjitjijihjihjihjihjrfihjfi HTTP/1.1" 200 269
::1 - - [01/Mar/2024:13:47:22 +0000] "GET /md/getByName/444 HTTP/1.1" 200 220
::1 - - [01/Mar/2024:13:47:22 +0000] "GET /md/getByName/khrtfjtkrtikyjrtikhtihjitjijihjihjihjihjrfihjfi HTTP/1.1" 200 269
::1 - - [01/Mar/2024:13:47:22 +0000] "GET /md/getByName/444 HTTP/1.1" 200 220
::1 - - [01/Mar/2024:13:47:22 +0000] "GET /md/getByName/khrtfjtkrtikyjrtikhtihjitjijihjihjihjihjrfihjfi HTTP/1.1" 200 269
::1 - - [01/Mar/2024:13:47:52 +0000] "DELETE /md/deleteByName/444 HTTP/1.1" 200 23
::1 - - [01/Mar/2024:13:47:52 +0000] "GET /md/getByName/khrtfjtkrtikyjrtikhtihjitjijihjihjihjihjrfihjfi HTTP/1.1" 200 269
::1 - - [01/Mar/2024:13:47:52 +0000] "GET /md/getByName/khrtfjtkrtikyjrtikhtihjitjijihjihjihjihjrfihjfi HTTP/1.1" 200 269
::1 - - [01/Mar/2024:13:47:55 +0000] "GET /md/getByName/khrtfjtkrtikyjrtikhtihjitjijihjihjihjihjrfihjfi HTTP/1.1" 200 269
::1 - - [01/Mar/2024:13:47:55 +0000] "GET /md/getByName/khrtfjtkrtikyjrtikhtihjitjijihjihjihjihjrfihjfi HTTP/1.1" 200 269
::1 - - [01/Mar/2024:13:47:55 +0000] "GET /md/getByName/khrtfjtkrtikyjrtikhtihjitjijihjihjihjihjrfihjfi HTTP/1.1" 200 269
::1 - - [01/Mar/2024:13:47:58 +0000] "DELETE /md/deleteByName/khrtfjtkrtikyjrtikhtihjitjijihjihjihjihjrfihjfi HTTP/1.1" 200 23
::1 - - [01/Mar/2024:14:06:04 +0000] "PUT /md/new HTTP/1.1" 302 30
::1 - - [01/Mar/2024:14:06:04 +0000] "GET /md/list HTTP/1.1" 200 4313
::1 - - [01/Mar/2024:14:06:04 +0000] "GET /md/getByName/1 HTTP/1.1" 200 216
::1 - - [01/Mar/2024:14:06:04 +0000] "GET /md/getByName/1 HTTP/1.1" 200 216
::1 - - [01/Mar/2024:14:06:12 +0000] "GET /md/getByName/1 HTTP/1.1" 200 216
::1 - - [01/Mar/2024:14:06:12 +0000] "GET /md/getByName/1 HTTP/1.1" 200 216
::1 - - [01/Mar/2024:14:06:12 +0000] "GET /md/getByName/1 HTTP/1.1" 200 216
::1 - - [01/Mar/2024:14:12:58 +0000] "GET /md/getByName/1 HTTP/1.1" 200 216
::1 - - [01/Mar/2024:14:12:58 +0000] "GET /md/getByName/1 HTTP/1.1" 200 216
::1 - - [01/Mar/2024:14:12:58 +0000] "GET /md/getByName/1 HTTP/1.1" 200 216
::1 - - [01/Mar/2024:14:13:00 +0000] "DELETE /md/deleteByName/1 HTTP/1.1" 200 23
::1 - - [01/Mar/2024:14:14:41 +0000] "PUT /md/new HTTP/1.1" 302 30
::1 - - [01/Mar/2024:14:14:41 +0000] "GET /md/list HTTP/1.1" 200 4331
::1 - - [01/Mar/2024:14:14:41 +0000] "GET /md/getByName/gamin123 HTTP/1.1" 200 227
::1 - - [01/Mar/2024:14:14:42 +0000] "GET /md/getByName/gamin123 HTTP/1.1" 200 227
::1 - - [01/Mar/2024:14:14:44 +0000] "GET /md/getByName/gamin123 HTTP/1.1" 200 227
::1 - - [01/Mar/2024:14:14:44 +0000] "GET /md/getByName/gamin123 HTTP/1.1" 200 227
::1 - - [01/Mar/2024:14:14:45 +0000] "GET /md/getByName/gamin123 HTTP/1.1" 200 227
::1 - - [01/Mar/2024:14:15:51 +0000] "DELETE /md/deleteByName/gamin123 HTTP/1.1" 200 23
